<?xml version="1.0" encoding="UTF-8"?>
<testsuite xmlns:xsi="http://www.w3.org/2001/XMLSchema-instance" xsi:noNamespaceSchemaLocation="https://maven.apache.org/surefire/maven-surefire-plugin/xsd/surefire-test-report-3.0.xsd" version="3.0" name="seres.TesteRecurso" time="0.015" tests="4" errors="0" skipped="0" failures="0">
  <properties>
    <property name="sun.desktop" value="windows"/>
    <property name="awt.toolkit" value="sun.awt.windows.WToolkit"/>
    <property name="java.specification.version" value="11"/>
    <property name="sun.cpu.isalist" value="amd64"/>
    <property name="sun.jnu.encoding" value="Cp1252"/>
    <property name="java.class.path" value="g:\UFRGS\TCP\Trabalho_Final\rpg_companion\target\test-classes;C:\Users\Gui\.m2\repository\org\junit\jupiter\junit-jupiter-api\5.6.0\junit-jupiter-api-5.6.0.jar;C:\Users\Gui\.m2\repository\org\apiguardian\apiguardian-api\1.1.0\apiguardian-api-1.1.0.jar;C:\Users\Gui\.m2\repository\org\opentest4j\opentest4j\1.2.0\opentest4j-1.2.0.jar;C:\Users\Gui\.m2\repository\org\junit\platform\junit-platform-commons\1.6.0\junit-platform-commons-1.6.0.jar;C:\Users\Gui\.m2\repository\org\junit\jupiter\junit-jupiter-engine\5.6.0\junit-jupiter-engine-5.6.0.jar;C:\Users\Gui\.m2\repository\org\junit\platform\junit-platform-engine\1.6.0\junit-platform-engine-1.6.0.jar;"/>
    <property name="java.vm.vendor" value="Eclipse Adoptium"/>
    <property name="sun.arch.data.model" value="64"/>
    <property name="user.variant" value=""/>
    <property name="java.vendor.url" value="https://adoptium.net/"/>
    <property name="user.timezone" value="America/Sao_Paulo"/>
    <property name="java.vm.specification.version" value="11"/>
    <property name="os.name" value="Windows 10"/>
    <property name="sun.java.launcher" value="SUN_STANDARD"/>
    <property name="user.country" value="BR"/>
    <property name="sun.boot.library.path" value="C:\Program Files\Eclipse Adoptium\jdk-11.0.21.9-hotspot\bin"/>
    <property name="sun.java.command" value="org.apache.maven.surefire.booter.ForkedBooter C:\Users\Gui\AppData\Local\Temp\surefire15308119319021488876 2024-01-16T19-20-49_337-jvmRun1 surefire16292591903543853637tmp surefire_010772630521397892374tmp"/>
    <property name="jdk.debug" value="release"/>
    <property name="surefire.test.class.path" value="g:\UFRGS\TCP\Trabalho_Final\rpg_companion\target\test-classes;C:\Users\Gui\.m2\repository\org\junit\jupiter\junit-jupiter-api\5.6.0\junit-jupiter-api-5.6.0.jar;C:\Users\Gui\.m2\repository\org\apiguardian\apiguardian-api\1.1.0\apiguardian-api-1.1.0.jar;C:\Users\Gui\.m2\repository\org\opentest4j\opentest4j\1.2.0\opentest4j-1.2.0.jar;C:\Users\Gui\.m2\repository\org\junit\platform\junit-platform-commons\1.6.0\junit-platform-commons-1.6.0.jar;C:\Users\Gui\.m2\repository\org\junit\jupiter\junit-jupiter-engine\5.6.0\junit-jupiter-engine-5.6.0.jar;C:\Users\Gui\.m2\repository\org\junit\platform\junit-platform-engine\1.6.0\junit-platform-engine-1.6.0.jar;"/>
    <property name="sun.cpu.endian" value="little"/>
    <property name="user.home" value="C:\Users\Gui"/>
    <property name="user.language" value="pt"/>
    <property name="java.specification.vendor" value="Oracle Corporation"/>
    <property name="jdk.module.path" value="g:\UFRGS\TCP\Trabalho_Final\rpg_companion\target\classes;C:\Users\Gui\.m2\repository\org\openjfx\javafx-controls\13\javafx-controls-13.jar;C:\Users\Gui\.m2\repository\org\openjfx\javafx-controls\13\javafx-controls-13-win.jar;C:\Users\Gui\.m2\repository\org\openjfx\javafx-graphics\13\javafx-graphics-13.jar;C:\Users\Gui\.m2\repository\org\openjfx\javafx-graphics\13\javafx-graphics-13-win.jar;C:\Users\Gui\.m2\repository\org\openjfx\javafx-base\13\javafx-base-13.jar;C:\Users\Gui\.m2\repository\org\openjfx\javafx-base\13\javafx-base-13-win.jar;C:\Users\Gui\.m2\repository\org\openjfx\javafx-fxml\13\javafx-fxml-13.jar;C:\Users\Gui\.m2\repository\org\openjfx\javafx-fxml\13\javafx-fxml-13-win.jar"/>
    <property name="java.version.date" value="2023-10-17"/>
    <property name="java.home" value="C:\Program Files\Eclipse Adoptium\jdk-11.0.21.9-hotspot"/>
    <property name="file.separator" value="\"/>
    <property name="basedir" value="g:\UFRGS\TCP\Trabalho_Final\rpg_companion"/>
    <property name="java.vm.compressedOopsMode" value="32-bit"/>
    <property name="line.separator" value="&#10;"/>
    <property name="java.specification.name" value="Java Platform API Specification"/>
    <property name="java.vm.specification.vendor" value="Oracle Corporation"/>
    <property name="java.awt.graphicsenv" value="sun.awt.Win32GraphicsEnvironment"/>
    <property name="surefire.real.class.path" value="C:\Users\Gui\.m2\repository\org\apache\maven\surefire\surefire-booter\3.0.0-M5\surefire-booter-3.0.0-M5.jar;C:\Users\Gui\.m2\repository\org\apache\maven\surefire\surefire-api\3.0.0-M5\surefire-api-3.0.0-M5.jar;C:\Users\Gui\.m2\repository\org\apache\maven\surefire\surefire-logger-api\3.0.0-M5\surefire-logger-api-3.0.0-M5.jar;C:\Users\Gui\.m2\repository\org\apache\maven\surefire\surefire-shared-utils\3.0.0-M4\surefire-shared-utils-3.0.0-M4.jar;C:\Users\Gui\.m2\repository\org\apache\maven\surefire\surefire-extensions-spi\3.0.0-M5\surefire-extensions-spi-3.0.0-M5.jar;g:\UFRGS\TCP\Trabalho_Final\rpg_companion\target\test-classes;C:\Users\Gui\.m2\repository\org\junit\jupiter\junit-jupiter-api\5.6.0\junit-jupiter-api-5.6.0.jar;C:\Users\Gui\.m2\repository\org\apiguardian\apiguardian-api\1.1.0\apiguardian-api-1.1.0.jar;C:\Users\Gui\.m2\repository\org\opentest4j\opentest4j\1.2.0\opentest4j-1.2.0.jar;C:\Users\Gui\.m2\repository\org\junit\platform\junit-platform-commons\1.6.0\junit-platform-commons-1.6.0.jar;C:\Users\Gui\.m2\repository\org\junit\jupiter\junit-jupiter-engine\5.6.0\junit-jupiter-engine-5.6.0.jar;C:\Users\Gui\.m2\repository\org\junit\platform\junit-platform-engine\1.6.0\junit-platform-engine-1.6.0.jar;C:\Users\Gui\.m2\repository\org\apache\maven\surefire\surefire-junit-platform\3.0.0-M5\surefire-junit-platform-3.0.0-M5.jar;C:\Users\Gui\.m2\repository\org\apache\maven\surefire\common-java5\3.0.0-M5\common-java5-3.0.0-M5.jar;C:\Users\Gui\.m2\repository\org\junit\platform\junit-platform-launcher\1.6.0\junit-platform-launcher-1.6.0.jar"/>
    <property name="user.script" value=""/>
    <property name="sun.management.compiler" value="HotSpot 64-Bit Tiered Compilers"/>
    <property name="java.runtime.version" value="11.0.21+9"/>
    <property name="user.name" value="Gui"/>
    <property name="path.separator" value=";"/>
    <property name="os.version" value="10.0"/>
    <property name="java.runtime.name" value="OpenJDK Runtime Environment"/>
    <property name="file.encoding" value="Cp1252"/>
    <property name="java.vm.name" value="OpenJDK 64-Bit Server VM"/>
    <property name="java.vendor.version" value="Temurin-11.0.21+9"/>
    <property name="localRepository" value="C:\Users\Gui\.m2\repository"/>
    <property name="java.vendor.url.bug" value="https://github.com/adoptium/adoptium-support/issues"/>
    <property name="java.io.tmpdir" value="C:\Users\Gui\AppData\Local\Temp\"/>
    <property name="java.version" value="11.0.21"/>
    <property name="user.dir" value="g:\UFRGS\TCP\Trabalho_Final\rpg_companion"/>
    <property name="os.arch" value="amd64"/>
    <property name="java.vm.specification.name" value="Java Virtual Machine Specification"/>
    <property name="java.awt.printerjob" value="sun.awt.windows.WPrinterJob"/>
    <property name="sun.os.patch.level" value=""/>
    <property name="java.library.path" value="C:\Program Files\Eclipse Adoptium\jdk-11.0.21.9-hotspot\bin;C:\WINDOWS\Sun\Java\bin;C:\WINDOWS\system32;C:\WINDOWS;C:\Users\Gui\bin;C:\Users\Gui\AppData\Local\Programs\Git\mingw64\bin;C:\Users\Gui\AppData\Local\Programs\Git\usr\local\bin;C:\Users\Gui\AppData\Local\Programs\Git\usr\bin;C:\Users\Gui\AppData\Local\Programs\Git\usr\bin;C:\Users\Gui\AppData\Local\Programs\Git\mingw64\bin;C:\Users\Gui\AppData\Local\Programs\Git\usr\bin;C:\Users\Gui\bin;C:\Program Files\Eclipse Adoptium\jdk-11.0.21.9-hotspot\bin;C:\Program Files\NVIDIA GPU Computing Toolkit\CUDA\v12.1\bin;C:\Program Files\NVIDIA GPU Computing Toolkit\CUDA\v12.1\libnvvp;C:\ProgramData\Oracle\Java\javapath;C:\WINDOWS\system32;C:\WINDOWS;C:\WINDOWS\System32\Wbem;C:\WINDOWS\System32\WindowsPowerShell\v1.0;C:\Program Files (x86)\GtkSharp\2.12\bin;C:\Program Files\dotnet;C:\WINDOWS\System32\OpenSSH;G:\node;C:\msys64\mingw64\bi;C:\Program Files\Eclipse Adoptium\jdk-11.0.21.9-hotspot\bin;C:\Program Files\NVIDIA GPU Computing Toolkit\CUDA\v12.1\bin;C:\Program Files\NVIDIA GPU Computing Toolkit\CUDA\v12.1\libnvvp;C:\ProgramData\Oracle\Java\javapath;C:\WINDOWS\system32;C:\WINDOWS;C:\WINDOWS\System32\Wbem;C:\WINDOWS\System32\WindowsPowerShell\v1.0;C:\Program Files (x86)\GtkSharp\2.12\bin;C:\Program Files\dotnet;C:\WINDOWS\System32\OpenSSH;G:\node;C:\msys64\mingw64\bi;C:\Program Files\Eclipse Adoptium\jdk-11.0.21.9-hotspot\bin;C:\Program Files\NVIDIA GPU Computing Toolkit\CUDA\v12.1\bin;C:\Program Files\NVIDIA GPU Computing Toolkit\CUDA\v12.1\libnvvp;C:\ProgramData\Oracle\Java\javapath;C:\WINDOWS\system32;C:\WINDOWS;C:\WINDOWS\System32\Wbem;C:\WINDOWS\System32\WindowsPowerShell\v1.0;C:\Program Files (x86)\GtkSharp\2.12\bin;C:\Program Files\dotnet;C:\WINDOWS\System32\OpenSSH;G:\node;C:\msys64\mingw64\bi;C:\WINDOWS\System32&quot;;C:\Program Files\NVIDIA GPU Computing Toolkit\CUDA\v12.1\bin\nvcc.exe;C:\zlib123dllx64\dll_x64;C:\Program Files\NVIDIA GPU Computing Toolkit\CUDNN\v8.9\bin;G:\PuTTY\&quot;;C:\Program Files\NVIDIA GPU Computing Toolkit\CUDA\v12.1\bin\nvcc.exe;C:\zlib123dllx64\dll_x64;C:\Program Files\NVIDIA GPU Computing Toolkit\CUDNN\v8.9\bin;G:\PuTTY\&quot;;C:\Program Files\NVIDIA GPU Computing Toolkit\CUDA\v12.1\bin\nvcc.exe;C:\zlib123dllx64\dll_x64;C:\Program Files\NVIDIA GPU Computing Toolkit\CUDNN\v8.9\bin;G:\PuTTY;G:\Conda;G:\Conda\Library\mingw-w64\bin;G:\Conda\Library\usr\bin;G:\Conda\Library\bin;G:\Conda\Scripts;C:\Users\Gui\AppData\Local\Programs\Python\Python39\Scripts;C:\Users\Gui\AppData\Local\Programs\Python\Python39;C:\PYTHON\Scripts;C:\msys64\mingw64\bin;C:\PYTHON;C:\Users\Gui\AppData\Local\Microsoft\WindowsApps;C:\Users\Gui\AppData\Local\Programs\Git\cmd;C:\Users\Gui\AppData\Local\Programs\Microsoft VS Code\bin;C:\Users\Gui\AppData\Local\atom\bin;G:\MiKTeX\miktex\bin\x64;C:\Users\Gui\AppData\Roaming\npm;%USERPROFILE%\AppData\Local\Microsoft\WindowsApps;C:\Users\Gui\AppData\Local\Programs\Git\usr\bin\vendor_perl;C:\Users\Gui\AppData\Local\Programs\Git\usr\bin\core_perl;."/>
    <property name="java.vm.info" value="mixed mode"/>
    <property name="java.vendor" value="Eclipse Adoptium"/>
    <property name="java.vm.version" value="11.0.21+9"/>
    <property name="java.specification.maintenance.version" value="2"/>
    <property name="sun.io.unicode.encoding" value="UnicodeLittle"/>
    <property name="java.class.version" value="55.0"/>
  </properties>
  <testcase name="testeEnche" classname="seres.TesteRecurso" time="0.001"/>
  <testcase name="testeZera" classname="seres.TesteRecurso" time="0.001"/>
  <testcase name="testeProporcaoMaiorQue1" classname="seres.TesteRecurso" time="0.002"/>
  <testcase name="testeProporçao" classname="seres.TesteRecurso" time="0.002"/>
</testsuite>